<?xml version="1.0" encoding="UTF-8"?>
<!-- Generated by org.testng.reporters.JUnitXMLReporter -->
<testsuite ignored="0" hostname="PW08SQTV-TPL14" failures="0" tests="4" name="Locator Test" time="18.121" errors="0" timestamp="2025-07-23T18:49:31 WIB">
  <testcase classname="selenium.FailedLogin" name="testFailedLogin" time="3.651"/>
  <testcase classname="selenium.ForgotPassword" name="clickForgotPassword" time="0.241"/>
  <testcase classname="selenium.ForgotPassword" name="fillAllFields" time="0.743"/>
  <testcase classname="selenium.ForgotPassword" name="getPasswordAndTryLogin" time="4.145"/>
</testsuite> <!-- Locator Test -->
