<?xml version="1.0" encoding="UTF-8"?>
<!-- Generated by org.testng.reporters.JUnitXMLReporter -->
<testsuite ignored="0" hostname="PW08SQTV-TPL14" failures="0" tests="3" name="Rest Assured Test" time="5.895" errors="0" timestamp="2025-07-07T10:07:43 WIB">
  <testcase classname="restassured.AddEmployeeTest" name="AddNewEmployeeTest" time="4.247"/>
  <testcase classname="restassured.AddEmployeeTest" name="LoginEmployeeTest" time="0.856"/>
  <testcase classname="restassured.AddEmployeeTest" name="deleteEmployeeTest" time="0.722"/>
</testsuite> <!-- Rest Assured Test -->
