<?xml version="1.0" encoding="UTF-8"?>
<testsuite xmlns:xsi="http://www.w3.org/2001/XMLSchema-instance" xsi:noNamespaceSchemaLocation="https://maven.apache.org/surefire/maven-surefire-plugin/xsd/surefire-test-report.xsd" version="3.0.2" name="TestSuite" time="46.018" tests="5" errors="0" skipped="0" failures="5">
  <properties>
[...]
</properties>
  <testcase name="runScenario[&quot;Register a new employee&quot;, &quot;Employee API&quot;](1)" classname="cucumber.runner.cucumberRunner" time="23.119">
    <failure message="Error, due to actual status code is 522" type="java.lang.AssertionError"><![CDATA[java.lang.AssertionError: Error, due to actual status code is 522
	at cucumber.definitions.EmployeeDefinitionsRefactor.send_request_http(EmployeeDefinitionsRefactor.java:43)
	at ✽.The response status must be 200(file:///C:/Users/Yantrisnandra%20Akbar/Downloads/Selenium-DemoQA/src/test/java/cucumber/features/EmployeeRefactor.feature:15)
]]></failure>
    <system-out><![CDATA[
Scenario: Register a new employee                                            # src/test/java/cucumber/features/EmployeeRefactor.feature:4
Request method:	POST
Request URI:	https://whitesmokehouse.com/webhook/employee/add
Proxy:			<none>
Request params:	<none>
Query params:	<none>
Form params:	<none>
Path params:	<none>
Headers:		Accept=*/*
				Content-Type=application/json
Cookies:		<none>
Multiparts:		<none>
Body:
{
    "email": "test113@test.com",
    "password": "test",
    "full_name": "test name",
    "department": "IT",
    "title": "QA"
}
  When Send employee to register with body:                                  # cucumber.definitions.EmployeeDefinitionsRefactor.send_request_register(java.lang.String)
    """
    {
      "email": "test113@test.com",
      "password": "test",
      "full_name": "test name",
      "department": "IT",
      "title": "QA"
    }
    """
  Then The response status must be 200                                       # cucumber.definitions.EmployeeDefinitionsRefactor.send_request_http(int)
      java.lang.AssertionError: Error, due to actual status code is 522
      	at cucumber.definitions.EmployeeDefinitionsRefactor.send_request_http(EmployeeDefinitionsRefactor.java:43)
      	at âœ½.The response status must be 200(file:///C:/Users/Yantrisnandra%20Akbar/Downloads/Selenium-DemoQA/src/test/java/cucumber/features/EmployeeRefactor.feature:15)
  And The response schema should be match with schema "register-schema.json" # cucumber.definitions.EmployeeDefinitionsRefactor.schema_validation(java.lang.String)
]]></system-out>
    <system-err><![CDATA[SLF4J(W): No SLF4J providers were found.
SLF4J(W): Defaulting to no-operation (NOP) logger implementation
SLF4J(W): See https://www.slf4j.org/codes.html#noProviders for further details.
]]></system-err>
  </testcase>
  <testcase name="runScenario[&quot;Login with registered employee&quot;, &quot;Employee API&quot;](2)" classname="cucumber.runner.cucumberRunner" time="19.69">
    <failure message="Error, due to actual status code is 522" type="java.lang.AssertionError"><![CDATA[java.lang.AssertionError: Error, due to actual status code is 522
	at cucumber.definitions.EmployeeDefinitionsRefactor.send_request_http(EmployeeDefinitionsRefactor.java:43)
	at ✽.The response status must be 200(file:///C:/Users/Yantrisnandra%20Akbar/Downloads/Selenium-DemoQA/src/test/java/cucumber/features/EmployeeRefactor.feature:26)
]]></failure>
    <system-out><![CDATA[
Scenario: Login with registered employee                # src/test/java/cucumber/features/EmployeeRefactor.feature:18
Request method:	POST
Request URI:	https://whitesmokehouse.com/webhook/employee/login
Proxy:			<none>
Request params:	<none>
Query params:	<none>
Form params:	<none>
Path params:	<none>
Headers:		Accept=*/*
				Content-Type=application/json
Cookies:		<none>
Multiparts:		<none>
Body:
{
    "email": "test113@test.com",
    "password": "test"
}
  When Send employee to login with body:                # cucumber.definitions.EmployeeDefinitionsRefactor.send_request_login(java.lang.String)
    """
    {
      "email": "test113@test.com",
      "password": "test"
    }
    """
  Then The response status must be 200                  # cucumber.definitions.EmployeeDefinitionsRefactor.send_request_http(int)
      java.lang.AssertionError: Error, due to actual status code is 522
      	at cucumber.definitions.EmployeeDefinitionsRefactor.send_request_http(EmployeeDefinitionsRefactor.java:43)
      	at âœ½.The response status must be 200(file:///C:/Users/Yantrisnandra%20Akbar/Downloads/Selenium-DemoQA/src/test/java/cucumber/features/EmployeeRefactor.feature:26)
  And Save the token from the response to local storage # cucumber.definitions.EmployeeDefinitionsRefactor.save_the_token()
]]></system-out>
  </testcase>
  <testcase name="runScenario[&quot;&quot;, &quot;Employee API&quot;](3)" classname="cucumber.runner.cucumberRunner" time="0.014">
    <failure message="Token in context null" type="java.lang.AssertionError"><![CDATA[java.lang.AssertionError: Token in context null
	at cucumber.definitions.EmployeeDefinitionsRefactor.assert_token_in_variable(EmployeeDefinitionsRefactor.java:58)
	at ✽.Make sure token in local storage not empty(file:///C:/Users/Yantrisnandra%20Akbar/Downloads/Selenium-DemoQA/src/test/java/cucumber/features/EmployeeRefactor.feature:30)
]]></failure>
    <system-out><![CDATA[
Scenario:                                                             # src/test/java/cucumber/features/EmployeeRefactor.feature:29
  Given Make sure token in local storage not empty                    # cucumber.definitions.EmployeeDefinitionsRefactor.assert_token_in_variable()
      java.lang.AssertionError: Token in context null
      	at cucumber.definitions.EmployeeDefinitionsRefactor.assert_token_in_variable(EmployeeDefinitionsRefactor.java:58)
      	at âœ½.Make sure token in local storage not empty(file:///C:/Users/Yantrisnandra%20Akbar/Downloads/Selenium-DemoQA/src/test/java/cucumber/features/EmployeeRefactor.feature:30)
  When Send a request to update with body:                            # cucumber.definitions.EmployeeDefinitionsRefactor.send_request_update(java.lang.String)
    """
    {
      "email": "test113@test.com",
      "password": "test",
      "full_name": "Ini nama yg udh diupdate ya",
      "department": "Tech",
      "title": "Backend Engineer"
    }
    """
  Then The response status must be 200                                # cucumber.definitions.EmployeeDefinitionsRefactor.send_request_http(int)
  And Full name in the response must be "Ini nama yg udh diupdate ya" # cucumber.definitions.EmployeeDefinitionsRefactor.assert_full_name(java.lang.String)
  And Department in the response must be "Tech"                       # cucumber.definitions.EmployeeDefinitionsRefactor.assert_department(java.lang.String)
  And Title in the response must be "Backend Engineer"                # cucumber.definitions.EmployeeDefinitionsRefactor.assert_title(java.lang.String)
]]></system-out>
  </testcase>
  <testcase name="runScenario[&quot;&quot;, &quot;Employee API&quot;](4)" classname="cucumber.runner.cucumberRunner" time="0.025">
    <failure message="Token in context null" type="java.lang.AssertionError"><![CDATA[java.lang.AssertionError: Token in context null
	at cucumber.definitions.EmployeeDefinitionsRefactor.assert_token_in_variable(EmployeeDefinitionsRefactor.java:58)
	at ✽.Make sure token in local storage not empty(file:///C:/Users/Yantrisnandra%20Akbar/Downloads/Selenium-DemoQA/src/test/java/cucumber/features/EmployeeRefactor.feature:47)
]]></failure>
    <system-out><![CDATA[
Scenario:                                                             # src/test/java/cucumber/features/EmployeeRefactor.feature:46
  Given Make sure token in local storage not empty                    # cucumber.definitions.EmployeeDefinitionsRefactor.assert_token_in_variable()
      java.lang.AssertionError: Token in context null
      	at cucumber.definitions.EmployeeDefinitionsRefactor.assert_token_in_variable(EmployeeDefinitionsRefactor.java:58)
      	at âœ½.Make sure token in local storage not empty(file:///C:/Users/Yantrisnandra%20Akbar/Downloads/Selenium-DemoQA/src/test/java/cucumber/features/EmployeeRefactor.feature:47)
  When Send a request to get employee                                 # cucumber.definitions.EmployeeDefinitionsRefactor.send_request_get()
  Then The response status must be 200                                # cucumber.definitions.EmployeeDefinitionsRefactor.send_request_http(int)
  And Full name in the response must be "Ini nama yg udh diupdate ya" # cucumber.definitions.EmployeeDefinitionsRefactor.assert_full_name(java.lang.String)
  And Department in the response must be "Tech"                       # cucumber.definitions.EmployeeDefinitionsRefactor.assert_department(java.lang.String)
  And Title in the response must be "Backend Engineer"                # cucumber.definitions.EmployeeDefinitionsRefactor.assert_title(java.lang.String)
]]></system-out>
  </testcase>
  <testcase name="runScenario[&quot;&quot;, &quot;Employee API&quot;](5)" classname="cucumber.runner.cucumberRunner" time="0.011">
    <failure message="Token in context null" type="java.lang.AssertionError"><![CDATA[java.lang.AssertionError: Token in context null
	at cucumber.definitions.EmployeeDefinitionsRefactor.assert_token_in_variable(EmployeeDefinitionsRefactor.java:58)
	at ✽.Make sure token in local storage not empty(file:///C:/Users/Yantrisnandra%20Akbar/Downloads/Selenium-DemoQA/src/test/java/cucumber/features/EmployeeRefactor.feature:55)
]]></failure>
    <system-out><![CDATA[
Scenario:                                          # src/test/java/cucumber/features/EmployeeRefactor.feature:54
  Given Make sure token in local storage not empty # cucumber.definitions.EmployeeDefinitionsRefactor.assert_token_in_variable()
      java.lang.AssertionError: Token in context null
      	at cucumber.definitions.EmployeeDefinitionsRefactor.assert_token_in_variable(EmployeeDefinitionsRefactor.java:58)
      	at âœ½.Make sure token in local storage not empty(file:///C:/Users/Yantrisnandra%20Akbar/Downloads/Selenium-DemoQA/src/test/java/cucumber/features/EmployeeRefactor.feature:55)
  When Send a request to delete employee           # cucumber.definitions.EmployeeDefinitionsRefactor.send_request_delete()
  Then The response status must be 200             # cucumber.definitions.EmployeeDefinitionsRefactor.send_request_http(int)
]]></system-out>
  </testcase>
</testsuite>