<?xml version="1.0" encoding="UTF-8"?>
<!-- Generated by org.testng.reporters.JUnitXMLReporter -->
<testsuite ignored="0" hostname="PW08SQTV-TPL14" failures="0" tests="3" name="simpleDemoQa" time="3.119" errors="0" timestamp="2025-07-03T15:52:50 WIB">
  <testcase classname="testng.demoQA.TestFirst" name="firstTest" time="1.028"/>
  <testcase classname="testng.demoQA.TestFirst" name="secondTest" time="1.009"/>
  <testcase classname="testng.demoQA.TestFirst" name="ThridTest" time="1.006"/>
</testsuite> <!-- simpleDemoQa -->
