<?xml version="1.0" encoding="UTF-8"?>
<!-- Generated by org.testng.reporters.JUnitXMLReporter -->
<testsuite ignored="0" hostname="PW08SQTV-TPL14" failures="0" tests="3" name="simpleDemoQa" time="3.112" errors="0" timestamp="2025-07-03T15:49:06 WIB">
  <testcase classname="testng.demoQA.TestFirst" name="firstTest" time="1.015"/>
  <testcase classname="testng.demoQA.TestFirst" name="secondTest" time="1.006"/>
  <testcase classname="testng.demoQA.TestFirst" name="ThridTest" time="1.005"/>
</testsuite> <!-- simpleDemoQa -->
