<?xml version="1.0" encoding="UTF-8"?>
<testng-results ignored="0" total="1" passed="1" failed="0" skipped="0">
  <reporter-output>
  </reporter-output>
  <suite started-at="2025-08-02T00:08:40 WIB" name="Selenium UI Suite" finished-at="2025-08-02T00:08:43 WIB" duration-ms="2608">
    <groups>
    </groups>
    <test started-at="2025-08-02T00:08:40 WIB" name="Selenium UI Test" finished-at="2025-08-02T00:08:43 WIB" duration-ms="2608">
      <class name="selenium.Alert">
        <test-method is-config="true" signature="startBrowser()[pri:0, instance:selenium.Alert@7c7b252e]" started-at="2025-08-02T00:08:36 WIB" name="startBrowser" finished-at="2025-08-02T00:08:40 WIB" duration-ms="4597" status="PASS">
          <reporter-output>
          </reporter-output>
        </test-method> <!-- startBrowser -->
        <test-method signature="testAlert()[pri:0, instance:selenium.Alert@7c7b252e]" started-at="2025-08-02T00:08:40 WIB" name="testAlert" finished-at="2025-08-02T00:08:43 WIB" duration-ms="2530" status="PASS">
          <reporter-output>
          </reporter-output>
        </test-method> <!-- testAlert -->
        <test-method is-config="true" signature="closeBrowser()[pri:0, instance:selenium.Alert@7c7b252e]" started-at="2025-08-02T00:08:43 WIB" name="closeBrowser" finished-at="2025-08-02T00:08:43 WIB" duration-ms="485" status="PASS">
          <reporter-output>
          </reporter-output>
        </test-method> <!-- closeBrowser -->
      </class> <!-- selenium.Alert -->
    </test> <!-- Selenium UI Test -->
  </suite> <!-- Selenium UI Suite -->
</testng-results>
